Using pre-set license
Built from '2020.2/staging' branch; Version is '2020.2.3f1 (8ff31bc5bf5b) revision 9433883'; Using compiler version '192528614'; Build Type 'Release'
OS: 'Windows 10 Pro; OS build 19042.867; Version 2009; 64bit' Language: 'en' Physical Memory: 16305 MB
BatchMode: 1, IsHumanControllingUs: 0, StartBugReporterOnCrash: 0, Is64bit: 1, IsPro: 0

 COMMAND LINE ARGUMENTS:
C:\Program Files\Unity\Hub\Editor\2020.2.3f1\Editor\Unity.exe
-adb2
-batchMode
-noUpm
-name
AssetImportWorker0
-projectPath
C:/Users/Cristina Martinez/Documents/GitHub/CST326-Tower/TowerDefense
-logFile
Logs/AssetImportWorker0.log
-srvPort
64960
Successfully changed project path to: C:/Users/Cristina Martinez/Documents/GitHub/CST326-Tower/TowerDefense
C:/Users/Cristina Martinez/Documents/GitHub/CST326-Tower/TowerDefense
Using Asset Import Pipeline V2.
Refreshing native plugins compatible for Editor in 21.39 ms, found 0 plugins.
Preloading 0 native plugins for Editor in 0.00 ms.
Initialize engine version: 2020.2.3f1 (8ff31bc5bf5b)
[Subsystems] Discovering subsystems at path C:/Program Files/Unity/Hub/Editor/2020.2.3f1/Editor/Data/Resources/UnitySubsystems
[Subsystems] Discovering subsystems at path C:/Users/Cristina Martinez/Documents/GitHub/CST326-Tower/TowerDefense/Assets
GfxDevice: creating device client; threaded=0
Direct3D:
    Version:  Direct3D 11.0 [level 11.1]
    Renderer: NVIDIA GeForce GTX 1660 Ti (ID=0x2182)
    Vendor:   
    VRAM:     5991 MB
    Driver:   27.21.14.6589
Initialize mono
Mono path[0] = 'C:/Program Files/Unity/Hub/Editor/2020.2.3f1/Editor/Data/Managed'
Mono path[1] = 'C:/Program Files/Unity/Hub/Editor/2020.2.3f1/Editor/Data/MonoBleedingEdge/lib/mono/unityjit'
Mono config path = 'C:/Program Files/Unity/Hub/Editor/2020.2.3f1/Editor/Data/MonoBleedingEdge/etc'
Using monoOptions --debugger-agent=transport=dt_socket,embedding=1,server=y,suspend=n,address=127.0.0.1:56424
Begin MonoManager ReloadAssembly
Registering precompiled unity dll's ...
Register platform support module: C:/Program Files/Unity/Hub/Editor/2020.2.3f1/Editor/Data/PlaybackEngines/WindowsStandaloneSupport/UnityEditor.WindowsStandalone.Extensions.dll
Registered in 0.002524 seconds.
Native extension for WindowsStandalone target not found
Refreshing native plugins compatible for Editor in 24.40 ms, found 0 plugins.
Preloading 0 native plugins for Editor in 0.00 ms.
Invoked RoslynAnalysisRunner static constructor.
RoslynAnalysisRunner will not be running.
RoslynAnalysisRunner has terminated.
Mono: successfully reloaded assembly
- Completed reload, in  0.936 seconds
Platform modules already initialized, skipping
Registering precompiled user dll's ...
Registered in 0.000628 seconds.
Begin MonoManager ReloadAssembly
Native extension for WindowsStandalone target not found
Refreshing native plugins compatible for Editor in 0.19 ms, found 0 plugins.
Preloading 0 native plugins for Editor in 0.00 ms.
Invoked RoslynAnalysisRunner static constructor.
RoslynAnalysisRunner will not be running.
RoslynAnalysisRunner has terminated.
Mono: successfully reloaded assembly
- Completed reload, in  0.703 seconds
Platform modules already initialized, skipping
========================================================================
Worker process is ready to serve import requests
Launched and connected shader compiler UnityShaderCompiler.exe after 0.06 seconds
Refreshing native plugins compatible for Editor in 0.20 ms, found 0 plugins.
Preloading 0 native plugins for Editor in 0.00 ms.
Unloading 1114 Unused Serialized files (Serialized files now loaded: 0)
System memory in use before: 69.7 MB.
System memory in use after: 69.7 MB.

Unloading 9 unused Assets to reduce memory usage. Loaded Objects now: 1581.
Total: 3.221000 ms (FindLiveObjects: 0.538700 ms CreateObjectMapping: 0.126400 ms MarkObjects: 2.476600 ms  DeleteObjects: 0.076900 ms)

========================================================================
Received Import Request.
  path: Assets/Tower Defense/Scripts/PlaceTower9001.cs
  artifactKey: Guid(27dbf49e2e4617b43ae8516f97954f7f) Importer(815301076,1909f56bfc062723c751e8b465ee728b)
Start importing Assets/Tower Defense/Scripts/PlaceTower9001.cs using Guid(27dbf49e2e4617b43ae8516f97954f7f) Importer(815301076,1909f56bfc062723c751e8b465ee728b)  -> (artifact id: '6b29350930bd795a52188f9bcdc5954d') in 0.026873 seconds
  Import took 0.028747 seconds .

========================================================================
Received Import Request.
  Time since last request: 12.061239 seconds.
  path: Assets/Tower Defense/Scripts/RestartButton.cs
  artifactKey: Guid(58535a8fe3f75914b8eb182b8085040e) Importer(815301076,1909f56bfc062723c751e8b465ee728b)
Start importing Assets/Tower Defense/Scripts/RestartButton.cs using Guid(58535a8fe3f75914b8eb182b8085040e) Importer(815301076,1909f56bfc062723c751e8b465ee728b)  -> (artifact id: '954a9c80de99402678eb458d183a721d') in 0.003943 seconds
  Import took 0.005745 seconds .

========================================================================
Received Import Request.
  Time since last request: 0.001891 seconds.
  path: Assets/Tower Defense/Scripts/RestartButton.cs
  artifactKey: Guid(58535a8fe3f75914b8eb182b8085040e) Importer(815301076,1909f56bfc062723c751e8b465ee728b)
Start importing Assets/Tower Defense/Scripts/RestartButton.cs using Guid(58535a8fe3f75914b8eb182b8085040e) Importer(815301076,1909f56bfc062723c751e8b465ee728b)  -> (artifact id: '954a9c80de99402678eb458d183a721d') in 0.003435 seconds
  Import took 0.005509 seconds .

========================================================================
Received Import Request.
  Time since last request: 2.936702 seconds.
  path: Assets/Tower Defense/Scripts/StartButton.cs
  artifactKey: Guid(1bed8b3c38c975d4db578ae3ed52163a) Importer(815301076,1909f56bfc062723c751e8b465ee728b)
Start importing Assets/Tower Defense/Scripts/StartButton.cs using Guid(1bed8b3c38c975d4db578ae3ed52163a) Importer(815301076,1909f56bfc062723c751e8b465ee728b)  -> (artifact id: '9c6c8fe87627532ef051133d785085f0') in 0.004590 seconds
  Import took 0.006290 seconds .

========================================================================
Received Prepare
Registering precompiled user dll's ...
Registered in 0.001367 seconds.
Begin MonoManager ReloadAssembly
Native extension for WindowsStandalone target not found
Refreshing native plugins compatible for Editor in 0.19 ms, found 0 plugins.
Preloading 0 native plugins for Editor in 0.00 ms.
Invoked RoslynAnalysisRunner static constructor.
RoslynAnalysisRunner will not be running.
RoslynAnalysisRunner has terminated.
Mono: successfully reloaded assembly
- Completed reload, in  0.644 seconds
Platform modules already initialized, skipping
Refreshing native plugins compatible for Editor in 0.19 ms, found 0 plugins.
Preloading 0 native plugins for Editor in 0.00 ms.
Unloading 1109 Unused Serialized files (Serialized files now loaded: 0)
System memory in use before: 69.6 MB.
System memory in use after: 69.7 MB.

Unloading 5 unused Assets to reduce memory usage. Loaded Objects now: 1583.
Total: 1.513000 ms (FindLiveObjects: 0.131100 ms CreateObjectMapping: 0.035900 ms MarkObjects: 1.292900 ms  DeleteObjects: 0.052000 ms)

========================================================================
Received Prepare
Registering precompiled user dll's ...
Registered in 0.000939 seconds.
Begin MonoManager ReloadAssembly
Native extension for WindowsStandalone target not found
Refreshing native plugins compatible for Editor in 0.19 ms, found 0 plugins.
Preloading 0 native plugins for Editor in 0.00 ms.
Invoked RoslynAnalysisRunner static constructor.
RoslynAnalysisRunner will not be running.
RoslynAnalysisRunner has terminated.
Mono: successfully reloaded assembly
- Completed reload, in  0.594 seconds
Platform modules already initialized, skipping
Refreshing native plugins compatible for Editor in 0.19 ms, found 0 plugins.
Preloading 0 native plugins for Editor in 0.00 ms.
Unloading 1109 Unused Serialized files (Serialized files now loaded: 0)
System memory in use before: 69.7 MB.
System memory in use after: 69.7 MB.

Unloading 5 unused Assets to reduce memory usage. Loaded Objects now: 1585.
Total: 3.580500 ms (FindLiveObjects: 0.256000 ms CreateObjectMapping: 0.087000 ms MarkObjects: 3.098700 ms  DeleteObjects: 0.136000 ms)

AssetImportWorkerClient::OnTransportError - code=2 error=End of file
